<?xml version="1.0" encoding="UTF-8" ?>
<testsuite failures="2" time="18.932" errors="0" skipped="0" tests="5" name="TestSuite">
  <properties>
    <property name="java.runtime.name" value="Java(TM) SE Runtime Environment"/>
    <property name="sun.boot.library.path" value="C:\Program Files\Java\jdk1.7.0\jre\bin"/>
    <property name="java.vm.version" value="21.0-b17"/>
    <property name="java.vm.vendor" value="Oracle Corporation"/>
    <property name="java.vendor.url" value="http://java.oracle.com/"/>
    <property name="path.separator" value=";"/>
    <property name="java.vm.name" value="Java HotSpot(TM) Client VM"/>
    <property name="file.encoding.pkg" value="sun.io"/>
    <property name="user.script" value=""/>
    <property name="user.country" value="US"/>
    <property name="sun.java.launcher" value="SUN_STANDARD"/>
    <property name="sun.os.patch.level" value=""/>
    <property name="java.vm.specification.name" value="Java Virtual Machine Specification"/>
    <property name="user.dir" value="E:\Medrium_Workspace\QA-MedriumClinical_Mar17"/>
    <property name="java.runtime.version" value="1.7.0-b147"/>
    <property name="java.awt.graphicsenv" value="sun.awt.Win32GraphicsEnvironment"/>
    <property name="basedir" value="E:\Medrium_Workspace\QA-MedriumClinical_Mar17"/>
    <property name="java.endorsed.dirs" value="C:\Program Files\Java\jdk1.7.0\jre\lib\endorsed"/>
    <property name="os.arch" value="x86"/>
    <property name="surefire.real.class.path" value="E:\Medrium_Workspace\QA-MedriumClinical_Mar17\target\surefire\surefirebooter2290802005431468850.jar"/>
    <property name="java.io.tmpdir" value="C:\Users\DINESH~1.PAN\AppData\Local\Temp\"/>
    <property name="line.separator" value="
"/>
    <property name="java.vm.specification.vendor" value="Oracle Corporation"/>
    <property name="user.variant" value=""/>
    <property name="os.name" value="Windows 7"/>
    <property name="sun.jnu.encoding" value="Cp1252"/>
    <property name="java.library.path" value="C:\Program Files\Java\jdk1.7.0\jre\bin;C:\Windows\Sun\Java\bin;C:\Windows\system32;C:\Windows;C:/Program Files/Java/jre7/bin/client;C:/Program Files/Java/jre7/bin;C:/Program Files/Java/jre7/lib/i386;C:\Program Files\Common Files\Microsoft Shared\Microsoft Online Services;C:\Windows\system32;C:\Windows;C:\Windows\System32\Wbem;C:\Windows\System32\WindowsPowerShell\v1.0\;d:\Program Files\ZipGenius 6\;D:\Program Files\TortoieSVN\bin;D:\Setup Files\apache-ant-1.8.0\bin;D:\Setup Files\Mobile_Testing\android_sdk\platform-tools;D:\Program Files\Git\bin;C:\Program Files\Microsoft SQL Server\110\Tools\Binn\;D:\wamp\bin\php\php5.3.13;D:\Setup Files\apache-maven-2.2.1-bin\apache-maven-2.2.1\bin;C:\Program Files\OpenSSH\bin;C:\Program Files\Java\jdk1.7.0\binE:\Schoolnet\chromedriver.exe;E:\jar;D:\eclipse;D:\Program Files\sonar-runner-2.3\bin;C:\Program Files\Sikuli X\libs;bin;D:\Setup Files\eclipse;;."/>
    <property name="surefire.test.class.path" value="E:\Medrium_Workspace\QA-MedriumClinical_Mar17\target\test-classes;E:\Medrium_Workspace\QA-MedriumClinical_Mar17\target\classes;C:\Users\dinesh.pandiaraj\.m2\repository\org\testng\testng\5.14\testng-5.14.jar;C:\Users\dinesh.pandiaraj\.m2\repository\junit\junit\3.8.1\junit-3.8.1.jar;C:\Users\dinesh.pandiaraj\.m2\repository\org\beanshell\bsh\2.0b4\bsh-2.0b4.jar;C:\Users\dinesh.pandiaraj\.m2\repository\com\google\inject\guice\2.0\guice-2.0.jar;C:\Users\dinesh.pandiaraj\.m2\repository\aopalliance\aopalliance\1.0\aopalliance-1.0.jar;C:\Users\dinesh.pandiaraj\.m2\repository\com\beust\jcommander\1.5\jcommander-1.5.jar;C:\Users\dinesh.pandiaraj\.m2\repository\org\seleniumhq\selenium\client-drivers\selenium-java-client-driver\1.0.2\selenium-java-client-driver-1.0.2.jar;C:\Users\dinesh.pandiaraj\.m2\repository\org\codehaus\mojo\selenium-maven-plugin\2.3\selenium-maven-plugin-2.3.jar;C:\Users\dinesh.pandiaraj\.m2\repository\org\codehaus\gmaven\gmaven-mojo\1.3\gmaven-mojo-1.3.jar;C:\Users\dinesh.pandiaraj\.m2\repository\org\codehaus\gmaven\runtime\gmaven-runtime-api\1.3\gmaven-runtime-api-1.3.jar;C:\Users\dinesh.pandiaraj\.m2\repository\org\codehaus\gmaven\feature\gmaven-feature-api\1.3\gmaven-feature-api-1.3.jar;C:\Users\dinesh.pandiaraj\.m2\repository\org\codehaus\gmaven\runtime\gmaven-runtime-1.5\1.3\gmaven-runtime-1.5-1.3.jar;C:\Users\dinesh.pandiaraj\.m2\repository\org\slf4j\slf4j-api\1.5.10\slf4j-api-1.5.10.jar;C:\Users\dinesh.pandiaraj\.m2\repository\org\codehaus\gmaven\feature\gmaven-feature-support\1.3\gmaven-feature-support-1.3.jar;C:\Users\dinesh.pandiaraj\.m2\repository\org\codehaus\gmaven\runtime\gmaven-runtime-support\1.3\gmaven-runtime-support-1.3.jar;C:\Users\dinesh.pandiaraj\.m2\repository\org\sonatype\gshell\gshell-io\2.0\gshell-io-2.0.jar;C:\Users\dinesh.pandiaraj\.m2\repository\org\sonatype\gossip\gossip\1.0\gossip-1.0.jar;C:\Users\dinesh.pandiaraj\.m2\repository\com\thoughtworks\qdox\qdox\1.10\qdox-1.10.jar;C:\Users\dinesh.pandiaraj\.m2\repository\org\apache\ant\ant\1.7.1\ant-1.7.1.jar;C:\Users\dinesh.pandiaraj\.m2\repository\org\apache\ant\ant-launcher\1.7.1\ant-launcher-1.7.1.jar;C:\Users\dinesh.pandiaraj\.m2\repository\org\apache\maven\maven-project\2.0.10\maven-project-2.0.10.jar;C:\Users\dinesh.pandiaraj\.m2\repository\org\apache\maven\maven-settings\2.0.10\maven-settings-2.0.10.jar;C:\Users\dinesh.pandiaraj\.m2\repository\org\apache\maven\maven-profile\2.0.10\maven-profile-2.0.10.jar;C:\Users\dinesh.pandiaraj\.m2\repository\org\apache\maven\maven-model\2.0.10\maven-model-2.0.10.jar;C:\Users\dinesh.pandiaraj\.m2\repository\org\apache\maven\maven-artifact-manager\2.0.10\maven-artifact-manager-2.0.10.jar;C:\Users\dinesh.pandiaraj\.m2\repository\org\apache\maven\maven-repository-metadata\2.0.10\maven-repository-metadata-2.0.10.jar;C:\Users\dinesh.pandiaraj\.m2\repository\org\apache\maven\wagon\wagon-provider-api\1.0-beta-2\wagon-provider-api-1.0-beta-2.jar;C:\Users\dinesh.pandiaraj\.m2\repository\org\apache\maven\maven-plugin-registry\2.0.10\maven-plugin-registry-2.0.10.jar;C:\Users\dinesh.pandiaraj\.m2\repository\org\codehaus\plexus\plexus-interpolation\1.1\plexus-interpolation-1.1.jar;C:\Users\dinesh.pandiaraj\.m2\repository\org\codehaus\plexus\plexus-utils\1.5.5\plexus-utils-1.5.5.jar;C:\Users\dinesh.pandiaraj\.m2\repository\org\apache\maven\maven-artifact\2.0.10\maven-artifact-2.0.10.jar;C:\Users\dinesh.pandiaraj\.m2\repository\org\codehaus\plexus\plexus-container-default\1.0-alpha-9-stable-1\plexus-container-default-1.0-alpha-9-stable-1.jar;C:\Users\dinesh.pandiaraj\.m2\repository\classworlds\classworlds\1.1-alpha-2\classworlds-1.1-alpha-2.jar;C:\Users\dinesh.pandiaraj\.m2\repository\org\apache\maven\maven-plugin-api\2.0.10\maven-plugin-api-2.0.10.jar;C:\Users\dinesh.pandiaraj\.m2\repository\org\codehaus\gmaven\gmaven-mojo-support\1.3\gmaven-mojo-support-1.3.jar;C:\Users\dinesh.pandiaraj\.m2\repository\org\codehaus\groovy\groovy-all\1.7.5\groovy-all-1.7.5.jar;C:\Users\dinesh.pandiaraj\.m2\repository\org\seleniumhq\selenium\selenium-remote-driver\2.21.0\selenium-remote-driver-2.21.0.jar;C:\Users\dinesh.pandiaraj\.m2\repository\cglib\cglib-nodep\2.1_3\cglib-nodep-2.1_3.jar;C:\Users\dinesh.pandiaraj\.m2\repository\org\json\json\20080701\json-20080701.jar;C:\Users\dinesh.pandiaraj\.m2\repository\org\apache\httpcomponents\httpclient\4.1.2\httpclient-4.1.2.jar;C:\Users\dinesh.pandiaraj\.m2\repository\org\apache\httpcomponents\httpcore\4.1.2\httpcore-4.1.2.jar;C:\Users\dinesh.pandiaraj\.m2\repository\net\java\dev\jna\jna\3.4.0\jna-3.4.0.jar;C:\Users\dinesh.pandiaraj\.m2\repository\net\java\dev\jna\platform\3.4.0\platform-3.4.0.jar;C:\Users\dinesh.pandiaraj\.m2\repository\org\seleniumhq\selenium\selenium-api\2.21.0\selenium-api-2.21.0.jar;C:\Users\dinesh.pandiaraj\.m2\repository\org\seleniumhq\selenium\selenium-remote-control\2.0rc2\selenium-remote-control-2.0rc2.jar;C:\Users\dinesh.pandiaraj\.m2\repository\org\seleniumhq\selenium\selenium-chrome-driver\2.0rc2\selenium-chrome-driver-2.0rc2.jar;C:\Users\dinesh.pandiaraj\.m2\repository\org\seleniumhq\selenium\selenium-htmlunit-driver\2.0rc2\selenium-htmlunit-driver-2.0rc2.jar;C:\Users\dinesh.pandiaraj\.m2\repository\net\sourceforge\htmlunit\htmlunit\2.8\htmlunit-2.8.jar;C:\Users\dinesh.pandiaraj\.m2\repository\xalan\xalan\2.7.1\xalan-2.7.1.jar;C:\Users\dinesh.pandiaraj\.m2\repository\xalan\serializer\2.7.1\serializer-2.7.1.jar;C:\Users\dinesh.pandiaraj\.m2\repository\org\apache\httpcomponents\httpmime\4.0.1\httpmime-4.0.1.jar;C:\Users\dinesh.pandiaraj\.m2\repository\org\apache\james\apache-mime4j\0.6\apache-mime4j-0.6.jar;C:\Users\dinesh.pandiaraj\.m2\repository\net\sourceforge\htmlunit\htmlunit-core-js\2.8\htmlunit-core-js-2.8.jar;C:\Users\dinesh.pandiaraj\.m2\repository\xerces\xercesImpl\2.9.1\xercesImpl-2.9.1.jar;C:\Users\dinesh.pandiaraj\.m2\repository\xml-apis\xml-apis\1.3.04\xml-apis-1.3.04.jar;C:\Users\dinesh.pandiaraj\.m2\repository\net\sourceforge\nekohtml\nekohtml\1.9.14\nekohtml-1.9.14.jar;C:\Users\dinesh.pandiaraj\.m2\repository\net\sourceforge\cssparser\cssparser\0.9.5\cssparser-0.9.5.jar;C:\Users\dinesh.pandiaraj\.m2\repository\org\w3c\css\sac\1.3\sac-1.3.jar;C:\Users\dinesh.pandiaraj\.m2\repository\org\seleniumhq\selenium\selenium-firefox-driver\2.0rc2\selenium-firefox-driver-2.0rc2.jar;C:\Users\dinesh.pandiaraj\.m2\repository\commons-io\commons-io\2.0.1\commons-io-2.0.1.jar;C:\Users\dinesh.pandiaraj\.m2\repository\org\seleniumhq\selenium\selenium-ie-driver\2.0rc2\selenium-ie-driver-2.0rc2.jar;C:\Users\dinesh.pandiaraj\.m2\repository\org\seleniumhq\selenium\selenium-iphone-driver\2.0rc2\selenium-iphone-driver-2.0rc2.jar;C:\Users\dinesh.pandiaraj\.m2\repository\bouncycastle\bcprov-jdk15\140\bcprov-jdk15-140.jar;C:\Users\dinesh.pandiaraj\.m2\repository\com\google\guava\guava\10.0.1\guava-10.0.1.jar;C:\Users\dinesh.pandiaraj\.m2\repository\com\google\code\findbugs\jsr305\1.3.9\jsr305-1.3.9.jar;C:\Users\dinesh.pandiaraj\.m2\repository\org\apache\commons\commons-exec\1.1\commons-exec-1.1.jar;C:\Users\dinesh.pandiaraj\.m2\repository\commons-logging\commons-logging\1.1.1\commons-logging-1.1.1.jar;C:\Users\dinesh.pandiaraj\.m2\repository\javax\servlet\servlet-api\2.4\servlet-api-2.4.jar;C:\Users\dinesh.pandiaraj\.m2\repository\commons-lang\commons-lang\2.4\commons-lang-2.4.jar;C:\Users\dinesh.pandiaraj\.m2\repository\commons-codec\commons-codec\1.5\commons-codec-1.5.jar;C:\Users\dinesh.pandiaraj\.m2\repository\org\seleniumhq\selenium\grid\selenium-grid-tools\1.0.5\selenium-grid-tools-1.0.5.jar;C:\Users\dinesh.pandiaraj\.m2\repository\org\apache\poi\poi\3.5-FINAL\poi-3.5-FINAL.jar;C:\Users\dinesh.pandiaraj\.m2\repository\org\seleniumhq\selenium\selenium-server\2.30.0\selenium-server-2.30.0.jar;C:\Users\dinesh.pandiaraj\.m2\repository\org\bouncycastle\bcprov-jdk15on\1.48\bcprov-jdk15on-1.48.jar;C:\Users\dinesh.pandiaraj\.m2\repository\org\bouncycastle\bcpkix-jdk15on\1.48\bcpkix-jdk15on-1.48.jar;C:\Users\dinesh.pandiaraj\.m2\repository\mx4j\mx4j-tools\3.0.1\mx4j-tools-3.0.1.jar;C:\Users\dinesh.pandiaraj\.m2\repository\org\mortbay\jetty\servlet-api-2.5\6.1.9\servlet-api-2.5-6.1.9.jar;C:\Users\dinesh.pandiaraj\.m2\repository\org\seleniumhq\selenium\jetty-repacked\7.6.1\jetty-repacked-7.6.1.jar;C:\Users\dinesh.pandiaraj\.m2\repository\net\jcip\jcip-annotations\1.0\jcip-annotations-1.0.jar;C:\Users\dinesh.pandiaraj\.m2\repository\org\seleniumhq\selenium\selenium-java\2.30.0\selenium-java-2.30.0.jar;C:\Users\dinesh.pandiaraj\.m2\repository\org\seleniumhq\selenium\selenium-android-driver\2.30.0\selenium-android-driver-2.30.0.jar;C:\Users\dinesh.pandiaraj\.m2\repository\org\seleniumhq\selenium\selenium-safari-driver\2.30.0\selenium-safari-driver-2.30.0.jar;C:\Users\dinesh.pandiaraj\.m2\repository\org\seleniumhq\selenium\selenium-support\2.30.0\selenium-support-2.30.0.jar;C:\Users\dinesh.pandiaraj\.m2\repository\org\webbitserver\webbit\0.4.14\webbit-0.4.14.jar;C:\Users\dinesh.pandiaraj\.m2\repository\io\netty\netty\3.5.2.Final\netty-3.5.2.Final.jar;C:\Users\dinesh.pandiaraj\.m2\repository\org\yaml\snakeyaml\1.8\snakeyaml-1.8.jar;C:\Users\dinesh.pandiaraj\.m2\repository\log4j\log4j\1.2.15\log4j-1.2.15.jar;C:\Users\dinesh.pandiaraj\.m2\repository\javax\mail\mail\1.4\mail-1.4.jar;C:\Users\dinesh.pandiaraj\.m2\repository\javax\activation\activation\1.1\activation-1.1.jar;C:\Users\dinesh.pandiaraj\.m2\repository\org\apache\zookeeper\zookeeper\3.3.2\zookeeper-3.3.2.jar;C:\Users\dinesh.pandiaraj\.m2\repository\jline\jline\0.9.94\jline-0.9.94.jar;C:\Users\dinesh.pandiaraj\.m2\repository\commons-httpclient\commons-httpclient\3.0\commons-httpclient-3.0.jar;C:\Users\dinesh.pandiaraj\.m2\repository\postgresql\postgresql\9.1-901.jdbc4\postgresql-9.1-901.jdbc4.jar;C:\Users\dinesh.pandiaraj\.m2\repository\commons-net\commons-net\2.2\commons-net-2.2.jar;C:\Users\dinesh.pandiaraj\.m2\repository\org\uncommons\reportng\0.9.8\reportng-0.9.8.jar;C:\Users\dinesh.pandiaraj\.m2\repository\velocity\velocity-dep\1.4\velocity-dep-1.4.jar;C:\Users\dinesh.pandiaraj\.m2\repository\org\apache\velocity\velocity\1.6.2\velocity-1.6.2.jar;C:\Users\dinesh.pandiaraj\.m2\repository\commons-collections\commons-collections\3.2.1\commons-collections-3.2.1.jar;C:\Users\dinesh.pandiaraj\.m2\repository\oro\oro\2.0.8\oro-2.0.8.jar;C:\Users\dinesh.pandiaraj\.m2\repository\org\apache\maven\surefire\surefire-testng-utils\2.8.1\surefire-testng-utils-2.8.1.jar;"/>
    <property name="java.specification.name" value="Java Platform API Specification"/>
    <property name="java.class.version" value="51.0"/>
    <property name="sun.management.compiler" value="HotSpot Client Compiler"/>
    <property name="os.version" value="6.1"/>
    <property name="user.home" value="C:\Users\dinesh.pandiaraj"/>
    <property name="user.timezone" value="Asia/Calcutta"/>
    <property name="java.awt.printerjob" value="sun.awt.windows.WPrinterJob"/>
    <property name="java.specification.version" value="1.7"/>
    <property name="file.encoding" value="Cp1252"/>
    <property name="user.name" value="dinesh.pandiaraj"/>
    <property name="java.class.path" value="E:\Medrium_Workspace\QA-MedriumClinical_Mar17\target\test-classes;E:\Medrium_Workspace\QA-MedriumClinical_Mar17\target\classes;C:\Users\dinesh.pandiaraj\.m2\repository\org\testng\testng\5.14\testng-5.14.jar;C:\Users\dinesh.pandiaraj\.m2\repository\junit\junit\3.8.1\junit-3.8.1.jar;C:\Users\dinesh.pandiaraj\.m2\repository\org\beanshell\bsh\2.0b4\bsh-2.0b4.jar;C:\Users\dinesh.pandiaraj\.m2\repository\com\google\inject\guice\2.0\guice-2.0.jar;C:\Users\dinesh.pandiaraj\.m2\repository\aopalliance\aopalliance\1.0\aopalliance-1.0.jar;C:\Users\dinesh.pandiaraj\.m2\repository\com\beust\jcommander\1.5\jcommander-1.5.jar;C:\Users\dinesh.pandiaraj\.m2\repository\org\seleniumhq\selenium\client-drivers\selenium-java-client-driver\1.0.2\selenium-java-client-driver-1.0.2.jar;C:\Users\dinesh.pandiaraj\.m2\repository\org\codehaus\mojo\selenium-maven-plugin\2.3\selenium-maven-plugin-2.3.jar;C:\Users\dinesh.pandiaraj\.m2\repository\org\codehaus\gmaven\gmaven-mojo\1.3\gmaven-mojo-1.3.jar;C:\Users\dinesh.pandiaraj\.m2\repository\org\codehaus\gmaven\runtime\gmaven-runtime-api\1.3\gmaven-runtime-api-1.3.jar;C:\Users\dinesh.pandiaraj\.m2\repository\org\codehaus\gmaven\feature\gmaven-feature-api\1.3\gmaven-feature-api-1.3.jar;C:\Users\dinesh.pandiaraj\.m2\repository\org\codehaus\gmaven\runtime\gmaven-runtime-1.5\1.3\gmaven-runtime-1.5-1.3.jar;C:\Users\dinesh.pandiaraj\.m2\repository\org\slf4j\slf4j-api\1.5.10\slf4j-api-1.5.10.jar;C:\Users\dinesh.pandiaraj\.m2\repository\org\codehaus\gmaven\feature\gmaven-feature-support\1.3\gmaven-feature-support-1.3.jar;C:\Users\dinesh.pandiaraj\.m2\repository\org\codehaus\gmaven\runtime\gmaven-runtime-support\1.3\gmaven-runtime-support-1.3.jar;C:\Users\dinesh.pandiaraj\.m2\repository\org\sonatype\gshell\gshell-io\2.0\gshell-io-2.0.jar;C:\Users\dinesh.pandiaraj\.m2\repository\org\sonatype\gossip\gossip\1.0\gossip-1.0.jar;C:\Users\dinesh.pandiaraj\.m2\repository\com\thoughtworks\qdox\qdox\1.10\qdox-1.10.jar;C:\Users\dinesh.pandiaraj\.m2\repository\org\apache\ant\ant\1.7.1\ant-1.7.1.jar;C:\Users\dinesh.pandiaraj\.m2\repository\org\apache\ant\ant-launcher\1.7.1\ant-launcher-1.7.1.jar;C:\Users\dinesh.pandiaraj\.m2\repository\org\apache\maven\maven-project\2.0.10\maven-project-2.0.10.jar;C:\Users\dinesh.pandiaraj\.m2\repository\org\apache\maven\maven-settings\2.0.10\maven-settings-2.0.10.jar;C:\Users\dinesh.pandiaraj\.m2\repository\org\apache\maven\maven-profile\2.0.10\maven-profile-2.0.10.jar;C:\Users\dinesh.pandiaraj\.m2\repository\org\apache\maven\maven-model\2.0.10\maven-model-2.0.10.jar;C:\Users\dinesh.pandiaraj\.m2\repository\org\apache\maven\maven-artifact-manager\2.0.10\maven-artifact-manager-2.0.10.jar;C:\Users\dinesh.pandiaraj\.m2\repository\org\apache\maven\maven-repository-metadata\2.0.10\maven-repository-metadata-2.0.10.jar;C:\Users\dinesh.pandiaraj\.m2\repository\org\apache\maven\wagon\wagon-provider-api\1.0-beta-2\wagon-provider-api-1.0-beta-2.jar;C:\Users\dinesh.pandiaraj\.m2\repository\org\apache\maven\maven-plugin-registry\2.0.10\maven-plugin-registry-2.0.10.jar;C:\Users\dinesh.pandiaraj\.m2\repository\org\codehaus\plexus\plexus-interpolation\1.1\plexus-interpolation-1.1.jar;C:\Users\dinesh.pandiaraj\.m2\repository\org\codehaus\plexus\plexus-utils\1.5.5\plexus-utils-1.5.5.jar;C:\Users\dinesh.pandiaraj\.m2\repository\org\apache\maven\maven-artifact\2.0.10\maven-artifact-2.0.10.jar;C:\Users\dinesh.pandiaraj\.m2\repository\org\codehaus\plexus\plexus-container-default\1.0-alpha-9-stable-1\plexus-container-default-1.0-alpha-9-stable-1.jar;C:\Users\dinesh.pandiaraj\.m2\repository\classworlds\classworlds\1.1-alpha-2\classworlds-1.1-alpha-2.jar;C:\Users\dinesh.pandiaraj\.m2\repository\org\apache\maven\maven-plugin-api\2.0.10\maven-plugin-api-2.0.10.jar;C:\Users\dinesh.pandiaraj\.m2\repository\org\codehaus\gmaven\gmaven-mojo-support\1.3\gmaven-mojo-support-1.3.jar;C:\Users\dinesh.pandiaraj\.m2\repository\org\codehaus\groovy\groovy-all\1.7.5\groovy-all-1.7.5.jar;C:\Users\dinesh.pandiaraj\.m2\repository\org\seleniumhq\selenium\selenium-remote-driver\2.21.0\selenium-remote-driver-2.21.0.jar;C:\Users\dinesh.pandiaraj\.m2\repository\cglib\cglib-nodep\2.1_3\cglib-nodep-2.1_3.jar;C:\Users\dinesh.pandiaraj\.m2\repository\org\json\json\20080701\json-20080701.jar;C:\Users\dinesh.pandiaraj\.m2\repository\org\apache\httpcomponents\httpclient\4.1.2\httpclient-4.1.2.jar;C:\Users\dinesh.pandiaraj\.m2\repository\org\apache\httpcomponents\httpcore\4.1.2\httpcore-4.1.2.jar;C:\Users\dinesh.pandiaraj\.m2\repository\net\java\dev\jna\jna\3.4.0\jna-3.4.0.jar;C:\Users\dinesh.pandiaraj\.m2\repository\net\java\dev\jna\platform\3.4.0\platform-3.4.0.jar;C:\Users\dinesh.pandiaraj\.m2\repository\org\seleniumhq\selenium\selenium-api\2.21.0\selenium-api-2.21.0.jar;C:\Users\dinesh.pandiaraj\.m2\repository\org\seleniumhq\selenium\selenium-remote-control\2.0rc2\selenium-remote-control-2.0rc2.jar;C:\Users\dinesh.pandiaraj\.m2\repository\org\seleniumhq\selenium\selenium-chrome-driver\2.0rc2\selenium-chrome-driver-2.0rc2.jar;C:\Users\dinesh.pandiaraj\.m2\repository\org\seleniumhq\selenium\selenium-htmlunit-driver\2.0rc2\selenium-htmlunit-driver-2.0rc2.jar;C:\Users\dinesh.pandiaraj\.m2\repository\net\sourceforge\htmlunit\htmlunit\2.8\htmlunit-2.8.jar;C:\Users\dinesh.pandiaraj\.m2\repository\xalan\xalan\2.7.1\xalan-2.7.1.jar;C:\Users\dinesh.pandiaraj\.m2\repository\xalan\serializer\2.7.1\serializer-2.7.1.jar;C:\Users\dinesh.pandiaraj\.m2\repository\org\apache\httpcomponents\httpmime\4.0.1\httpmime-4.0.1.jar;C:\Users\dinesh.pandiaraj\.m2\repository\org\apache\james\apache-mime4j\0.6\apache-mime4j-0.6.jar;C:\Users\dinesh.pandiaraj\.m2\repository\net\sourceforge\htmlunit\htmlunit-core-js\2.8\htmlunit-core-js-2.8.jar;C:\Users\dinesh.pandiaraj\.m2\repository\xerces\xercesImpl\2.9.1\xercesImpl-2.9.1.jar;C:\Users\dinesh.pandiaraj\.m2\repository\xml-apis\xml-apis\1.3.04\xml-apis-1.3.04.jar;C:\Users\dinesh.pandiaraj\.m2\repository\net\sourceforge\nekohtml\nekohtml\1.9.14\nekohtml-1.9.14.jar;C:\Users\dinesh.pandiaraj\.m2\repository\net\sourceforge\cssparser\cssparser\0.9.5\cssparser-0.9.5.jar;C:\Users\dinesh.pandiaraj\.m2\repository\org\w3c\css\sac\1.3\sac-1.3.jar;C:\Users\dinesh.pandiaraj\.m2\repository\org\seleniumhq\selenium\selenium-firefox-driver\2.0rc2\selenium-firefox-driver-2.0rc2.jar;C:\Users\dinesh.pandiaraj\.m2\repository\commons-io\commons-io\2.0.1\commons-io-2.0.1.jar;C:\Users\dinesh.pandiaraj\.m2\repository\org\seleniumhq\selenium\selenium-ie-driver\2.0rc2\selenium-ie-driver-2.0rc2.jar;C:\Users\dinesh.pandiaraj\.m2\repository\org\seleniumhq\selenium\selenium-iphone-driver\2.0rc2\selenium-iphone-driver-2.0rc2.jar;C:\Users\dinesh.pandiaraj\.m2\repository\bouncycastle\bcprov-jdk15\140\bcprov-jdk15-140.jar;C:\Users\dinesh.pandiaraj\.m2\repository\com\google\guava\guava\10.0.1\guava-10.0.1.jar;C:\Users\dinesh.pandiaraj\.m2\repository\com\google\code\findbugs\jsr305\1.3.9\jsr305-1.3.9.jar;C:\Users\dinesh.pandiaraj\.m2\repository\org\apache\commons\commons-exec\1.1\commons-exec-1.1.jar;C:\Users\dinesh.pandiaraj\.m2\repository\commons-logging\commons-logging\1.1.1\commons-logging-1.1.1.jar;C:\Users\dinesh.pandiaraj\.m2\repository\javax\servlet\servlet-api\2.4\servlet-api-2.4.jar;C:\Users\dinesh.pandiaraj\.m2\repository\commons-lang\commons-lang\2.4\commons-lang-2.4.jar;C:\Users\dinesh.pandiaraj\.m2\repository\commons-codec\commons-codec\1.5\commons-codec-1.5.jar;C:\Users\dinesh.pandiaraj\.m2\repository\org\seleniumhq\selenium\grid\selenium-grid-tools\1.0.5\selenium-grid-tools-1.0.5.jar;C:\Users\dinesh.pandiaraj\.m2\repository\org\apache\poi\poi\3.5-FINAL\poi-3.5-FINAL.jar;C:\Users\dinesh.pandiaraj\.m2\repository\org\seleniumhq\selenium\selenium-server\2.30.0\selenium-server-2.30.0.jar;C:\Users\dinesh.pandiaraj\.m2\repository\org\bouncycastle\bcprov-jdk15on\1.48\bcprov-jdk15on-1.48.jar;C:\Users\dinesh.pandiaraj\.m2\repository\org\bouncycastle\bcpkix-jdk15on\1.48\bcpkix-jdk15on-1.48.jar;C:\Users\dinesh.pandiaraj\.m2\repository\mx4j\mx4j-tools\3.0.1\mx4j-tools-3.0.1.jar;C:\Users\dinesh.pandiaraj\.m2\repository\org\mortbay\jetty\servlet-api-2.5\6.1.9\servlet-api-2.5-6.1.9.jar;C:\Users\dinesh.pandiaraj\.m2\repository\org\seleniumhq\selenium\jetty-repacked\7.6.1\jetty-repacked-7.6.1.jar;C:\Users\dinesh.pandiaraj\.m2\repository\net\jcip\jcip-annotations\1.0\jcip-annotations-1.0.jar;C:\Users\dinesh.pandiaraj\.m2\repository\org\seleniumhq\selenium\selenium-java\2.30.0\selenium-java-2.30.0.jar;C:\Users\dinesh.pandiaraj\.m2\repository\org\seleniumhq\selenium\selenium-android-driver\2.30.0\selenium-android-driver-2.30.0.jar;C:\Users\dinesh.pandiaraj\.m2\repository\org\seleniumhq\selenium\selenium-safari-driver\2.30.0\selenium-safari-driver-2.30.0.jar;C:\Users\dinesh.pandiaraj\.m2\repository\org\seleniumhq\selenium\selenium-support\2.30.0\selenium-support-2.30.0.jar;C:\Users\dinesh.pandiaraj\.m2\repository\org\webbitserver\webbit\0.4.14\webbit-0.4.14.jar;C:\Users\dinesh.pandiaraj\.m2\repository\io\netty\netty\3.5.2.Final\netty-3.5.2.Final.jar;C:\Users\dinesh.pandiaraj\.m2\repository\org\yaml\snakeyaml\1.8\snakeyaml-1.8.jar;C:\Users\dinesh.pandiaraj\.m2\repository\log4j\log4j\1.2.15\log4j-1.2.15.jar;C:\Users\dinesh.pandiaraj\.m2\repository\javax\mail\mail\1.4\mail-1.4.jar;C:\Users\dinesh.pandiaraj\.m2\repository\javax\activation\activation\1.1\activation-1.1.jar;C:\Users\dinesh.pandiaraj\.m2\repository\org\apache\zookeeper\zookeeper\3.3.2\zookeeper-3.3.2.jar;C:\Users\dinesh.pandiaraj\.m2\repository\jline\jline\0.9.94\jline-0.9.94.jar;C:\Users\dinesh.pandiaraj\.m2\repository\commons-httpclient\commons-httpclient\3.0\commons-httpclient-3.0.jar;C:\Users\dinesh.pandiaraj\.m2\repository\postgresql\postgresql\9.1-901.jdbc4\postgresql-9.1-901.jdbc4.jar;C:\Users\dinesh.pandiaraj\.m2\repository\commons-net\commons-net\2.2\commons-net-2.2.jar;C:\Users\dinesh.pandiaraj\.m2\repository\org\uncommons\reportng\0.9.8\reportng-0.9.8.jar;C:\Users\dinesh.pandiaraj\.m2\repository\velocity\velocity-dep\1.4\velocity-dep-1.4.jar;C:\Users\dinesh.pandiaraj\.m2\repository\org\apache\velocity\velocity\1.6.2\velocity-1.6.2.jar;C:\Users\dinesh.pandiaraj\.m2\repository\commons-collections\commons-collections\3.2.1\commons-collections-3.2.1.jar;C:\Users\dinesh.pandiaraj\.m2\repository\oro\oro\2.0.8\oro-2.0.8.jar;C:\Users\dinesh.pandiaraj\.m2\repository\org\apache\maven\surefire\surefire-testng-utils\2.8.1\surefire-testng-utils-2.8.1.jar;"/>
    <property name="java.vm.specification.version" value="1.7"/>
    <property name="sun.arch.data.model" value="32"/>
    <property name="java.home" value="C:\Program Files\Java\jdk1.7.0\jre"/>
    <property name="sun.java.command" value="E:\Medrium_Workspace\QA-MedriumClinical_Mar17\target\surefire\surefirebooter2290802005431468850.jar E:\Medrium_Workspace\QA-MedriumClinical_Mar17\target\surefire\surefire6395776788274580841tmp E:\Medrium_Workspace\QA-MedriumClinical_Mar17\target\surefire\surefire3952154108875058807tmp"/>
    <property name="java.specification.vendor" value="Oracle Corporation"/>
    <property name="user.language" value="en"/>
    <property name="awt.toolkit" value="sun.awt.windows.WToolkit"/>
    <property name="java.vm.info" value="mixed mode, sharing"/>
    <property name="java.version" value="1.7.0"/>
    <property name="java.ext.dirs" value="C:\Program Files\Java\jdk1.7.0\jre\lib\ext;C:\Windows\Sun\Java\lib\ext"/>
    <property name="sun.boot.class.path" value="C:\Program Files\Java\jdk1.7.0\jre\lib\resources.jar;C:\Program Files\Java\jdk1.7.0\jre\lib\rt.jar;C:\Program Files\Java\jdk1.7.0\jre\lib\sunrsasign.jar;C:\Program Files\Java\jdk1.7.0\jre\lib\jsse.jar;C:\Program Files\Java\jdk1.7.0\jre\lib\jce.jar;C:\Program Files\Java\jdk1.7.0\jre\lib\charsets.jar;C:\Program Files\Java\jdk1.7.0\jre\classes"/>
    <property name="java.vendor" value="Oracle Corporation"/>
    <property name="localRepository" value="C:\Users\dinesh.pandiaraj\.m2\repository"/>
    <property name="file.separator" value="\"/>
    <property name="java.vendor.url.bug" value="http://bugreport.sun.com/bugreport/"/>
    <property name="sun.cpu.endian" value="little"/>
    <property name="sun.io.unicode.encoding" value="UnicodeLittle"/>
    <property name="sun.desktop" value="windows"/>
    <property name="sun.cpu.isalist" value="pentium_pro+mmx pentium_pro pentium+mmx pentium i486 i386 i86"/>
  </properties>
  <testcase time="0.43" classname="com.nexia.selenium.testscripts.section.templateSetup.daySheetTemplate.VerifyCancelInDaySheetTemplate" name="verifyCancelInDaySheetTemplate"/>
  <testcase time="7.353" classname="com.nexia.selenium.testscripts.section.templateSetup.daySheetTemplate.EditDaySheetTemplate" name="editDaySheetTemplate">
    <failure message="Failed Due to the Exception; 
	*) ExceptionDetails :Could not contact Selenium Server; have you started it?
Connection refused: connect
	*) expected:&lt;true&gt; but was:&lt;false&gt;" type="java.lang.AssertionError">java.lang.AssertionError: Failed Due to the Exception; 
	*) ExceptionDetails :Could not contact Selenium Server; have you started it?
Connection refused: connect
	*) expected:&lt;true&gt; but was:&lt;false&gt;
	at org.testng.Assert.fail(Assert.java:89)
	at com.sharedlibrary.AbstractTest.fail(AbstractTest.java:2159)
	at com.sharedlibrary.AbstractTest.failNotEquals(AbstractTest.java:2155)
	at com.sharedlibrary.AbstractTest.assertTrue(AbstractTest.java:2067)
	at com.nexia.selenium.testscripts.section.templateSetup.daySheetTemplate.EditDaySheetTemplate.daySheetTemplate(EditDaySheetTemplate.java:94)
	at com.nexia.selenium.testscripts.section.templateSetup.daySheetTemplate.EditDaySheetTemplate.editDaySheetTemplate(EditDaySheetTemplate.java:23)
</failure>
  </testcase>
  <testcase time="0.008" classname="com.nexia.selenium.testscripts.section.templateSetup.daySheetTemplate.VerifyCancelInPrintCalendarReport" name="verifyCancelInPrintCalendarReport"/>
  <testcase time="9.051" classname="com.nexia.selenium.testscripts.section.templateSetup.daySheetTemplate.DeleteDaySheetTemplate" name="deleteDaySheetTemplate">
    <failure message="Failed Due to the Exception; 
	*) ExceptionDetails :Could not contact Selenium Server; have you started it?
Connection refused: connect
	*) expected:&lt;true&gt; but was:&lt;false&gt;" type="java.lang.AssertionError">java.lang.AssertionError: Failed Due to the Exception; 
	*) ExceptionDetails :Could not contact Selenium Server; have you started it?
Connection refused: connect
	*) expected:&lt;true&gt; but was:&lt;false&gt;
	at org.testng.Assert.fail(Assert.java:89)
	at com.sharedlibrary.AbstractTest.fail(AbstractTest.java:2159)
	at com.sharedlibrary.AbstractTest.failNotEquals(AbstractTest.java:2155)
	at com.sharedlibrary.AbstractTest.assertTrue(AbstractTest.java:2067)
	at com.nexia.selenium.testscripts.section.templateSetup.daySheetTemplate.DeleteDaySheetTemplate.daySheetTemplate(DeleteDaySheetTemplate.java:70)
	at com.nexia.selenium.testscripts.section.templateSetup.daySheetTemplate.DeleteDaySheetTemplate.deleteDaySheetTemplate(DeleteDaySheetTemplate.java:24)
</failure>
  </testcase>
  <testcase time="0.006" classname="com.nexia.selenium.testscripts.section.templateSetup.daySheetTemplate.AddDaySheetTemplate" name="addDaySheetTemplate"/>
</testsuite>